<?xml version="1.0" encoding="UTF-8"?>
<robot generator="Robot 5.0.1 (Python 3.10.7 on win32)" generated="20221005 21:41:01.466" rpa="false" schemaversion="3">
<suite id="s1" name="B-Tube" source="C:\Users\Felice La Rizza\Desktop\robot_tests-main\Opdracht 3_Selenium_B-Tube\tests\B-Tube.robot">
<kw name="Open My Website" library="basePage" type="SETUP">
<kw name="Open Browser" library="SeleniumLibrary">
<arg>${url}</arg>
<arg>${browser}</arg>
<doc>Opens a new browser instance to the optional ``url``.</doc>
<msg timestamp="20221005 21:41:01.695" level="INFO">Opening browser 'Google Chrome' to base url 'https://brightshopapp.herokuapp.com/#/'.</msg>
<status status="PASS" starttime="20221005 21:41:01.695" endtime="20221005 21:41:03.241"/>
</kw>
<status status="PASS" starttime="20221005 21:41:01.694" endtime="20221005 21:41:03.241"/>
</kw>
<test id="s1-t1" name="Een profiel heeft een foto" line="11">
<kw name="Click Element" library="SeleniumLibrary">
<arg>css:#SignInButton</arg>
<doc>Click the element identified by ``locator``.</doc>
<msg timestamp="20221005 21:41:03.243" level="INFO">Clicking element 'css:#SignInButton'.</msg>
<msg timestamp="20221005 21:41:03.366" level="INFO" html="true">&lt;/td&gt;&lt;/tr&gt;&lt;tr&gt;&lt;td colspan="3"&gt;&lt;a href="selenium-screenshot-6.png"&gt;&lt;img src="selenium-screenshot-6.png" width="800px"&gt;&lt;/a&gt;</msg>
<msg timestamp="20221005 21:41:03.366" level="FAIL">Element with locator 'css:#SignInButton' not found.</msg>
<status status="FAIL" starttime="20221005 21:41:03.242" endtime="20221005 21:41:03.376"/>
</kw>
<kw name="Sleep" library="BuiltIn">
<arg>1s</arg>
<doc>Pauses the test executed for the given time.</doc>
<status status="NOT RUN" starttime="20221005 21:41:03.377" endtime="20221005 21:41:03.377"/>
</kw>
<kw name="Input Text" library="SeleniumLibrary">
<arg>css:#SignInEmail</arg>
<arg>larizza.felice@gmail.com</arg>
<doc>Types the given ``text`` into the text field identified by ``locator``.</doc>
<status status="NOT RUN" starttime="20221005 21:41:03.377" endtime="20221005 21:41:03.377"/>
</kw>
<kw name="Sleep" library="BuiltIn">
<arg>1s</arg>
<doc>Pauses the test executed for the given time.</doc>
<status status="NOT RUN" starttime="20221005 21:41:03.378" endtime="20221005 21:41:03.378"/>
</kw>
<kw name="Input Text" library="SeleniumLibrary">
<arg>css:#SignInPassword</arg>
<arg>Giulia10?</arg>
<doc>Types the given ``text`` into the text field identified by ``locator``.</doc>
<status status="NOT RUN" starttime="20221005 21:41:03.378" endtime="20221005 21:41:03.378"/>
</kw>
<kw name="Click Element" library="SeleniumLibrary">
<arg>css:#SignInButtonComplete</arg>
<doc>Click the element identified by ``locator``.</doc>
<status status="NOT RUN" starttime="20221005 21:41:03.378" endtime="20221005 21:41:03.378"/>
</kw>
<status status="FAIL" starttime="20221005 21:41:03.242" endtime="20221005 21:41:03.379">Element with locator 'css:#SignInButton' not found.</status>
</test>
<kw name="Close Browser" library="SeleniumLibrary" type="TEARDOWN">
<doc>Closes the current browser.</doc>
<status status="PASS" starttime="20221005 21:41:03.381" endtime="20221005 21:41:05.470"/>
</kw>
<status status="FAIL" starttime="20221005 21:41:01.467" endtime="20221005 21:41:05.470"/>
</suite>
<statistics>
<total>
<stat pass="0" fail="1" skip="0">All Tests</stat>
</total>
<tag>
</tag>
<suite>
<stat pass="0" fail="1" skip="0" id="s1" name="B-Tube">B-Tube</stat>
</suite>
</statistics>
<errors>
</errors>
</robot>
