<?xml version="1.0" encoding="UTF-8"?>
<robot generator="Robot 5.0.1 (Python 3.10.7 on win32)" generated="20221012 19:55:50.288" rpa="false" schemaversion="3">
<suite id="s1" name="B-Tube" source="C:\Users\Felice La Rizza\Desktop\robot_tests-main\Opdracht 3_Selenium_B-Tube\tests\B-Tube.robot">
<kw name="Open My Website" library="basePage" type="SETUP">
<kw name="Open Browser" library="SeleniumLibrary">
<arg>${url}</arg>
<arg>${browser}</arg>
<doc>Opens a new browser instance to the optional ``url``.</doc>
<msg timestamp="20221012 19:55:50.564" level="INFO">Opening browser 'Google Chrome' to base url 'https://brightshopapp.herokuapp.com/#/'.</msg>
<status status="PASS" starttime="20221012 19:55:50.564" endtime="20221012 19:55:52.548"/>
</kw>
<kw name="Set Window Size" library="SeleniumLibrary">
<arg>1680</arg>
<arg>1050</arg>
<doc>Sets current windows size to given ``width`` and ``height``.</doc>
<status status="PASS" starttime="20221012 19:55:52.549" endtime="20221012 19:55:52.668"/>
</kw>
<kw name="Sleep" library="BuiltIn">
<arg>10s</arg>
<doc>Pauses the test executed for the given time.</doc>
<msg timestamp="20221012 19:56:02.672" level="INFO">Slept 10 seconds</msg>
<status status="PASS" starttime="20221012 19:55:52.669" endtime="20221012 19:56:02.672"/>
</kw>
<status status="PASS" starttime="20221012 19:55:50.563" endtime="20221012 19:56:02.673"/>
</kw>
<test id="s1-t1" name="Een profiel heeft een foto" line="11">
<kw name="Click Element" library="SeleniumLibrary">
<arg>xpath://*[@id="SignInButton"]</arg>
<doc>Click the element identified by ``locator``.</doc>
<msg timestamp="20221012 19:56:02.677" level="INFO">Clicking element 'xpath://*[@id="SignInButton"]'.</msg>
<status status="PASS" starttime="20221012 19:56:02.676" endtime="20221012 19:56:02.864"/>
</kw>
<kw name="Sleep" library="BuiltIn">
<arg>1s</arg>
<doc>Pauses the test executed for the given time.</doc>
<msg timestamp="20221012 19:56:03.868" level="INFO">Slept 1 second</msg>
<status status="PASS" starttime="20221012 19:56:02.865" endtime="20221012 19:56:03.868"/>
</kw>
<kw name="Input Text" library="SeleniumLibrary">
<arg>xpath://*[@id="SignInEmail"]</arg>
<arg>larizza.felice@gmail.com</arg>
<doc>Types the given ``text`` into the text field identified by ``locator``.</doc>
<msg timestamp="20221012 19:56:03.870" level="INFO">Typing text 'larizza.felice@gmail.com' into text field 'xpath://*[@id="SignInEmail"]'.</msg>
<status status="PASS" starttime="20221012 19:56:03.869" endtime="20221012 19:56:04.019"/>
</kw>
<kw name="Sleep" library="BuiltIn">
<arg>1s</arg>
<doc>Pauses the test executed for the given time.</doc>
<msg timestamp="20221012 19:56:05.027" level="INFO">Slept 1 second</msg>
<status status="PASS" starttime="20221012 19:56:04.020" endtime="20221012 19:56:05.028"/>
</kw>
<kw name="Input Text" library="SeleniumLibrary">
<arg>xpath://*[@id="SignInPassword"]</arg>
<arg>Giulia10?</arg>
<doc>Types the given ``text`` into the text field identified by ``locator``.</doc>
<msg timestamp="20221012 19:56:05.035" level="INFO">Typing text 'Giulia10?' into text field 'xpath://*[@id="SignInPassword"]'.</msg>
<status status="PASS" starttime="20221012 19:56:05.033" endtime="20221012 19:56:05.210"/>
</kw>
<kw name="Sleep" library="BuiltIn">
<arg>1s</arg>
<doc>Pauses the test executed for the given time.</doc>
<msg timestamp="20221012 19:56:06.218" level="INFO">Slept 1 second</msg>
<status status="PASS" starttime="20221012 19:56:05.211" endtime="20221012 19:56:06.218"/>
</kw>
<kw name="Click Element" library="SeleniumLibrary">
<arg>xpath://*[@id="SignInButtonComplete"]</arg>
<doc>Click the element identified by ``locator``.</doc>
<msg timestamp="20221012 19:56:06.223" level="INFO">Clicking element 'xpath://*[@id="SignInButtonComplete"]'.</msg>
<status status="PASS" starttime="20221012 19:56:06.221" endtime="20221012 19:56:06.363"/>
</kw>
<status status="PASS" starttime="20221012 19:56:02.674" endtime="20221012 19:56:06.364"/>
</test>
<kw name="Close Browser" library="SeleniumLibrary" type="TEARDOWN">
<doc>Closes the current browser.</doc>
<status status="PASS" starttime="20221012 19:56:06.368" endtime="20221012 19:56:08.559"/>
</kw>
<status status="PASS" starttime="20221012 19:55:50.290" endtime="20221012 19:56:08.559"/>
</suite>
<statistics>
<total>
<stat pass="1" fail="0" skip="0">All Tests</stat>
</total>
<tag>
</tag>
<suite>
<stat pass="1" fail="0" skip="0" id="s1" name="B-Tube">B-Tube</stat>
</suite>
</statistics>
<errors>
</errors>
</robot>
