<?xml version="1.0" encoding="UTF-8"?>
<robot generator="Robot 5.0.1 (Python 3.10.7 on win32)" generated="20221016 14:50:04.365" rpa="false" schemaversion="3">
<suite id="s1" name="Klungelsheet 4 Testing" source="C:\Users\Felice La Rizza\Desktop\robot_tests-main\Opdracht 3_Selenium_B-Tube\tests\klungelsheet_4_testing.robot">
<kw name="Open My Website" library="basePage" type="SETUP">
<kw name="Open Browser" library="SeleniumLibrary">
<arg>${url}</arg>
<arg>${browser}</arg>
<doc>Opens a new browser instance to the optional ``url``.</doc>
<msg timestamp="20221016 14:50:04.667" level="INFO">Opening browser 'Google Chrome' to base url 'https://brightshopapp.herokuapp.com/#/'.</msg>
<status status="PASS" starttime="20221016 14:50:04.667" endtime="20221016 14:50:06.238"/>
</kw>
<kw name="Set Window Size" library="SeleniumLibrary">
<arg>1680</arg>
<arg>1050</arg>
<doc>Sets current windows size to given ``width`` and ``height``.</doc>
<status status="PASS" starttime="20221016 14:50:06.238" endtime="20221016 14:50:06.360"/>
</kw>
<kw name="Sleep" library="BuiltIn">
<arg>10s</arg>
<doc>Pauses the test executed for the given time.</doc>
<msg timestamp="20221016 14:50:16.373" level="INFO">Slept 10 seconds</msg>
<status status="PASS" starttime="20221016 14:50:06.360" endtime="20221016 14:50:16.373"/>
</kw>
<status status="PASS" starttime="20221016 14:50:04.666" endtime="20221016 14:50:16.373"/>
</kw>
<test id="s1-t1" name="ALTIJD EERST GEWOON INLOGGEN" line="12">
<kw name="Click Element" library="SeleniumLibrary">
<arg>xpath://*[@id="SignInButton"]</arg>
<doc>Click the element identified by ``locator``.</doc>
<msg timestamp="20221016 14:50:16.373" level="INFO">Clicking element 'xpath://*[@id="SignInButton"]'.</msg>
<status status="PASS" starttime="20221016 14:50:16.373" endtime="20221016 14:50:16.433"/>
</kw>
<kw name="Sleep" library="BuiltIn">
<arg>1s</arg>
<doc>Pauses the test executed for the given time.</doc>
<msg timestamp="20221016 14:50:17.440" level="INFO">Slept 1 second</msg>
<status status="PASS" starttime="20221016 14:50:16.434" endtime="20221016 14:50:17.440"/>
</kw>
<kw name="Input Text" library="SeleniumLibrary">
<arg>xpath://*[@id="SignInEmail"]</arg>
<arg>felice.larizza@gmail.com</arg>
<doc>Types the given ``text`` into the text field identified by ``locator``.</doc>
<msg timestamp="20221016 14:50:17.440" level="INFO">Typing text 'felice.larizza@gmail.com' into text field 'xpath://*[@id="SignInEmail"]'.</msg>
<status status="PASS" starttime="20221016 14:50:17.440" endtime="20221016 14:50:17.527"/>
</kw>
<kw name="Sleep" library="BuiltIn">
<arg>1s</arg>
<doc>Pauses the test executed for the given time.</doc>
<msg timestamp="20221016 14:50:18.536" level="INFO">Slept 1 second</msg>
<status status="PASS" starttime="20221016 14:50:17.528" endtime="20221016 14:50:18.536"/>
</kw>
<kw name="Input Text" library="SeleniumLibrary">
<arg>xpath://*[@id="SignInPassword"]</arg>
<arg>Bunderken5</arg>
<doc>Types the given ``text`` into the text field identified by ``locator``.</doc>
<msg timestamp="20221016 14:50:18.536" level="INFO">Typing text 'Bunderken5' into text field 'xpath://*[@id="SignInPassword"]'.</msg>
<status status="PASS" starttime="20221016 14:50:18.536" endtime="20221016 14:50:18.612"/>
</kw>
<kw name="Sleep" library="BuiltIn">
<arg>1s</arg>
<doc>Pauses the test executed for the given time.</doc>
<msg timestamp="20221016 14:50:19.619" level="INFO">Slept 1 second</msg>
<status status="PASS" starttime="20221016 14:50:18.612" endtime="20221016 14:50:19.619"/>
</kw>
<kw name="Click Element" library="SeleniumLibrary">
<arg>xpath://*[@id="SignInButtonComplete"]</arg>
<doc>Click the element identified by ``locator``.</doc>
<msg timestamp="20221016 14:50:19.619" level="INFO">Clicking element 'xpath://*[@id="SignInButtonComplete"]'.</msg>
<status status="PASS" starttime="20221016 14:50:19.619" endtime="20221016 14:50:19.661"/>
</kw>
<kw name="Sleep" library="BuiltIn">
<arg>2s</arg>
<doc>Pauses the test executed for the given time.</doc>
<msg timestamp="20221016 14:50:21.669" level="INFO">Slept 2 seconds</msg>
<status status="PASS" starttime="20221016 14:50:19.661" endtime="20221016 14:50:21.669"/>
</kw>
<status status="PASS" starttime="20221016 14:50:16.373" endtime="20221016 14:50:21.669"/>
</test>
<test id="s1-t2" name="5.Negatieve credits kunnen niet aangekocht worden" line="22">
<kw name="Click Element" library="SeleniumLibrary">
<arg>//div[@class='css-1uhaiyw']/a[2]/button</arg>
<doc>Click the element identified by ``locator``.</doc>
<msg timestamp="20221016 14:50:21.669" level="INFO">Clicking element '//div[@class='css-1uhaiyw']/a[2]/button'.</msg>
<status status="PASS" starttime="20221016 14:50:21.669" endtime="20221016 14:50:21.721"/>
</kw>
<kw name="Sleep" library="BuiltIn">
<arg>2s</arg>
<doc>Pauses the test executed for the given time.</doc>
<msg timestamp="20221016 14:50:23.732" level="INFO">Slept 2 seconds</msg>
<status status="PASS" starttime="20221016 14:50:21.721" endtime="20221016 14:50:23.732"/>
</kw>
<kw name="Click Element" library="SeleniumLibrary">
<arg>//div[@class='css-kcntxh']/button[@class='css-1e9674f']</arg>
<doc>Click the element identified by ``locator``.</doc>
<msg timestamp="20221016 14:50:23.732" level="INFO">Clicking element '//div[@class='css-kcntxh']/button[@class='css-1e9674f']'.</msg>
<status status="PASS" starttime="20221016 14:50:23.732" endtime="20221016 14:50:23.775"/>
</kw>
<kw name="Sleep" library="BuiltIn">
<arg>2s</arg>
<doc>Pauses the test executed for the given time.</doc>
<msg timestamp="20221016 14:50:25.777" level="INFO">Slept 2 seconds</msg>
<status status="PASS" starttime="20221016 14:50:23.776" endtime="20221016 14:50:25.777"/>
</kw>
<kw name="Input Text" library="SeleniumLibrary">
<arg>//form/input[@class='css-1ml9hd4']</arg>
<arg>-5</arg>
<doc>Types the given ``text`` into the text field identified by ``locator``.</doc>
<msg timestamp="20221016 14:50:25.778" level="INFO">Typing text '-5' into text field '//form/input[@class='css-1ml9hd4']'.</msg>
<status status="PASS" starttime="20221016 14:50:25.777" endtime="20221016 14:50:25.854"/>
</kw>
<kw name="Sleep" library="BuiltIn">
<arg>2s</arg>
<doc>Pauses the test executed for the given time.</doc>
<msg timestamp="20221016 14:50:27.856" level="INFO">Slept 2 seconds</msg>
<status status="PASS" starttime="20221016 14:50:25.854" endtime="20221016 14:50:27.856"/>
</kw>
<kw name="Current Frame Should Contain" library="SeleniumLibrary">
<arg>Value must be greater than or equal to 1.</arg>
<doc>Verifies that the current frame contains ``text``.</doc>
<msg timestamp="20221016 14:50:28.242" level="INFO" html="true">&lt;/td&gt;&lt;/tr&gt;&lt;tr&gt;&lt;td colspan="3"&gt;&lt;a href="selenium-screenshot-17.png"&gt;&lt;img src="selenium-screenshot-17.png" width="800px"&gt;&lt;/a&gt;</msg>
<msg timestamp="20221016 14:50:28.243" level="FAIL">Frame should have contained text 'Value must be greater than or equal to 1.' but did not.</msg>
<status status="FAIL" starttime="20221016 14:50:27.856" endtime="20221016 14:50:28.244"/>
</kw>
<kw name="Sleep" library="BuiltIn">
<arg>2s</arg>
<doc>Pauses the test executed for the given time.</doc>
<status status="NOT RUN" starttime="20221016 14:50:28.245" endtime="20221016 14:50:28.245"/>
</kw>
<kw name="Click Element" library="SeleniumLibrary">
<arg>//form/button[@class='css-1e9674f']</arg>
<doc>Click the element identified by ``locator``.</doc>
<status status="NOT RUN" starttime="20221016 14:50:28.245" endtime="20221016 14:50:28.246"/>
</kw>
<status status="FAIL" starttime="20221016 14:50:21.669" endtime="20221016 14:50:28.246">Frame should have contained text 'Value must be greater than or equal to 1.' but did not.</status>
</test>
<kw name="Close Browser" library="SeleniumLibrary" type="TEARDOWN">
<doc>Closes the current browser.</doc>
<status status="PASS" starttime="20221016 14:50:28.248" endtime="20221016 14:50:30.389"/>
</kw>
<status status="FAIL" starttime="20221016 14:50:04.368" endtime="20221016 14:50:30.389"/>
</suite>
<statistics>
<total>
<stat pass="1" fail="1" skip="0">All Tests</stat>
</total>
<tag>
</tag>
<suite>
<stat pass="1" fail="1" skip="0" id="s1" name="Klungelsheet 4 Testing">Klungelsheet 4 Testing</stat>
</suite>
</statistics>
<errors>
</errors>
</robot>
